Using pre-set license
Built from '2021.3/evg/staging/82bb020e-b03b1330/draft-0' branch; Version is '2021.3.16f1 (4016570cf34f) revision 4200023'; Using compiler version '192829333'; Build Type 'Release'
OS: 'Windows 10  (10.0.19044) 64bit Professional' Language: 'en' Physical Memory: 16303 MB
BatchMode: 1, IsHumanControllingUs: 0, StartBugReporterOnCrash: 0, Is64bit: 1, IsPro: 1

COMMAND LINE ARGUMENTS:
C:\Program Files\Unity\Hub\Editor\2021.3.16f1\Editor\Unity.exe
-adb2
-batchMode
-noUpm
-name
AssetImportWorker0
-projectPath
D:/Kuliah/Semester 7/Praktek/Duma
-logFile
Logs/AssetImportWorker0.log
-srvPort
49864
Successfully changed project path to: D:/Kuliah/Semester 7/Praktek/Duma
D:/Kuliah/Semester 7/Praktek/Duma
[UnityMemory] Configuration Parameters - Can be set up in boot.config
    "memorysetup-bucket-allocator-granularity=16"
    "memorysetup-bucket-allocator-bucket-count=8"
    "memorysetup-bucket-allocator-block-size=33554432"
    "memorysetup-bucket-allocator-block-count=8"
    "memorysetup-main-allocator-block-size=16777216"
    "memorysetup-thread-allocator-block-size=16777216"
    "memorysetup-gfx-main-allocator-block-size=16777216"
    "memorysetup-gfx-thread-allocator-block-size=16777216"
    "memorysetup-cache-allocator-block-size=4194304"
    "memorysetup-typetree-allocator-block-size=2097152"
    "memorysetup-profiler-bucket-allocator-granularity=16"
    "memorysetup-profiler-bucket-allocator-bucket-count=8"
    "memorysetup-profiler-bucket-allocator-block-size=33554432"
    "memorysetup-profiler-bucket-allocator-block-count=8"
    "memorysetup-profiler-allocator-block-size=16777216"
    "memorysetup-profiler-editor-allocator-block-size=1048576"
    "memorysetup-temp-allocator-size-main=16777216"
    "memorysetup-job-temp-allocator-block-size=2097152"
    "memorysetup-job-temp-allocator-block-size-background=1048576"
    "memorysetup-job-temp-allocator-reduction-small-platforms=262144"
    "memorysetup-temp-allocator-size-background-worker=32768"
    "memorysetup-temp-allocator-size-job-worker=262144"
    "memorysetup-temp-allocator-size-preload-manager=33554432"
    "memorysetup-temp-allocator-size-nav-mesh-worker=65536"
    "memorysetup-temp-allocator-size-audio-worker=65536"
    "memorysetup-temp-allocator-size-cloud-worker=32768"
    "memorysetup-temp-allocator-size-gi-baking-worker=262144"
    "memorysetup-temp-allocator-size-gfx=262144"
Player connection [3840] Host "[IP] 192.168.1.9 [Port] 0 [Flags] 2 [Guid] 1568989963 [EditorId] 1568989963 [Version] 1048832 [Id] WindowsEditor(7,DESKTOP-CGFJBC8) [Debug] 1 [PackageName] WindowsEditor [ProjectName] Editor" joined multi-casting on [225.0.0.222:54997]...

Player connection [3840] Host "[IP] 192.168.1.9 [Port] 0 [Flags] 2 [Guid] 1568989963 [EditorId] 1568989963 [Version] 1048832 [Id] WindowsEditor(7,DESKTOP-CGFJBC8) [Debug] 1 [PackageName] WindowsEditor [ProjectName] Editor" joined alternative multi-casting on [225.0.0.222:34997]...

Refreshing native plugins compatible for Editor in 160.80 ms, found 4 plugins.
Preloading 0 native plugins for Editor in 0.00 ms.
Initialize engine version: 2021.3.16f1 (4016570cf34f)
[Subsystems] Discovering subsystems at path C:/Program Files/Unity/Hub/Editor/2021.3.16f1/Editor/Data/Resources/UnitySubsystems
[Subsystems] Discovering subsystems at path D:/Kuliah/Semester 7/Praktek/Duma/Assets
GfxDevice: creating device client; threaded=0; jobified=0
Direct3D:
    Version:  Direct3D 11.0 [level 11.1]
    Renderer: NVIDIA GeForce GTX 1050 (ID=0x1c8d)
    Vendor:   NVIDIA
    VRAM:     4020 MB
    Driver:   31.0.15.3713
Initialize mono
Mono path[0] = 'C:/Program Files/Unity/Hub/Editor/2021.3.16f1/Editor/Data/Managed'
Mono path[1] = 'C:/Program Files/Unity/Hub/Editor/2021.3.16f1/Editor/Data/MonoBleedingEdge/lib/mono/unityjit-win32'
Mono config path = 'C:/Program Files/Unity/Hub/Editor/2021.3.16f1/Editor/Data/MonoBleedingEdge/etc'
Using monoOptions --debugger-agent=transport=dt_socket,embedding=1,server=y,suspend=n,address=127.0.0.1:56904
Begin MonoManager ReloadAssembly
Registering precompiled unity dll's ...
Register platform support module: C:/Program Files/Unity/Hub/Editor/2021.3.16f1/Editor/Data/PlaybackEngines/AndroidPlayer/UnityEditor.Android.Extensions.dll
Register platform support module: C:/Program Files/Unity/Hub/Editor/2021.3.16f1/Editor/Data/PlaybackEngines/WindowsStandaloneSupport/UnityEditor.WindowsStandalone.Extensions.dll
Registered in 0.014663 seconds.
Native extension for WindowsStandalone target not found
Native extension for Android target not found
Refreshing native plugins compatible for Editor in 141.17 ms, found 4 plugins.
Preloading 0 native plugins for Editor in 0.00 ms.
Mono: successfully reloaded assembly
- Completed reload, in  0.966 seconds
Domain Reload Profiling:
	ReloadAssembly (967ms)
		BeginReloadAssembly (113ms)
			ExecutionOrderSort (0ms)
			DisableScriptedObjects (0ms)
			BackupInstance (0ms)
			ReleaseScriptingObjects (0ms)
			CreateAndSetChildDomain (1ms)
		EndReloadAssembly (675ms)
			LoadAssemblies (110ms)
			RebuildTransferFunctionScriptingTraits (0ms)
			SetupTypeCache (146ms)
			ReleaseScriptCaches (0ms)
			RebuildScriptCaches (42ms)
			SetupLoadedEditorAssemblies (417ms)
				LogAssemblyErrors (0ms)
				InitializePlatformSupportModulesInManaged (83ms)
				SetLoadedEditorAssemblies (0ms)
				RefreshPlugins (141ms)
				BeforeProcessingInitializeOnLoad (1ms)
				ProcessInitializeOnLoadAttributes (130ms)
				ProcessInitializeOnLoadMethodAttributes (60ms)
				AfterProcessingInitializeOnLoad (0ms)
				EditorAssembliesLoaded (0ms)
			ExecutionOrderSort2 (0ms)
			AwakeInstancesAfterBackupRestoration (0ms)
Platform modules already initialized, skipping
Registering precompiled user dll's ...
Registered in 0.006890 seconds.
Begin MonoManager ReloadAssembly
Symbol file LoadedFromMemory doesn't match image D:\Kuliah\Semester 7\Praktek\Duma\Library\PackageCache\com.unity.visualscripting@1.7.8\Editor\VisualScripting.Core\Dependencies\YamlDotNet\Unity.VisualScripting.YamlDotNet.dll
Symbol file LoadedFromMemory doesn't match image D:\Kuliah\Semester 7\Praktek\Duma\Library\PackageCache\com.unity.visualscripting@1.7.8\Editor\VisualScripting.Core\Dependencies\DotNetZip\Unity.VisualScripting.IonicZip.dll
Native extension for WindowsStandalone target not found
Native extension for Android target not found
Refreshing native plugins compatible for Editor in 149.47 ms, found 4 plugins.
Preloading 0 native plugins for Editor in 0.00 ms.
Mono: successfully reloaded assembly
- Completed reload, in  2.161 seconds
Domain Reload Profiling:
	ReloadAssembly (2162ms)
		BeginReloadAssembly (293ms)
			ExecutionOrderSort (0ms)
			DisableScriptedObjects (7ms)
			BackupInstance (0ms)
			ReleaseScriptingObjects (0ms)
			CreateAndSetChildDomain (139ms)
		EndReloadAssembly (1696ms)
			LoadAssemblies (142ms)
			RebuildTransferFunctionScriptingTraits (0ms)
			SetupTypeCache (418ms)
			ReleaseScriptCaches (1ms)
			RebuildScriptCaches (96ms)
			SetupLoadedEditorAssemblies (1000ms)
				LogAssemblyErrors (0ms)
				InitializePlatformSupportModulesInManaged (19ms)
				SetLoadedEditorAssemblies (0ms)
				RefreshPlugins (150ms)
				BeforeProcessingInitializeOnLoad (128ms)
				ProcessInitializeOnLoadAttributes (623ms)
				ProcessInitializeOnLoadMethodAttributes (68ms)
				AfterProcessingInitializeOnLoad (12ms)
				EditorAssembliesLoaded (1ms)
			ExecutionOrderSort2 (0ms)
			AwakeInstancesAfterBackupRestoration (8ms)
Platform modules already initialized, skipping
========================================================================
Worker process is ready to serve import requests
Launched and connected shader compiler UnityShaderCompiler.exe after 0.06 seconds
Refreshing native plugins compatible for Editor in 1.42 ms, found 4 plugins.
Preloading 0 native plugins for Editor in 0.00 ms.
Unloading 4248 Unused Serialized files (Serialized files now loaded: 0)
Unloading 56 unused Assets / (274.6 KB). Loaded Objects now: 4702.
Memory consumption went from 160.6 MB to 160.3 MB.
Total: 5.807900 ms (FindLiveObjects: 0.393900 ms CreateObjectMapping: 0.320100 ms MarkObjects: 4.891000 ms  DeleteObjects: 0.201600 ms)

AssetImportParameters requested are different than current active one (requested -> active):
  custom:video-decoder-ogg-theora: a1e56fd34408186e4bbccfd4996cb3dc -> 
  custom:container-muxer-webm: aa71ff27fc2769a1b78a27578f13a17b -> 
  custom:container-demuxer-webm: 4f35f7cbe854078d1ac9338744f61a02 -> 
  custom:video-encoder-webm-vp8: eb34c28f22e8b96e1ab97ce403110664 -> 
  custom:audio-encoder-webm-vorbis: bf7c407c2cedff20999df2af8eb42d56 -> 
  custom:framework-win-MediaFoundation: 216162199b28c13a410421893ffa2e32 -> 
  custom:container-demuxer-ogg: 62fdf1f143b41e24485cea50d1cbac27 -> 
  custom:video-decoder-webm-vp8: 9c59270c3fd7afecdb556c50c9e8de78 -> 
  custom:audio-decoder-ogg-vorbis: bf7c407c2cedff20999df2af8eb42d56 -> 
========================================================================
Received Import Request.
  Time since last request: 443292.955111 seconds.
  path: Assets/Prefabs/Player.prefab
  artifactKey: Guid(09c22c6944e214944b60854acf1b2cd8) Importer(815301076,1909f56bfc062723c751e8b465ee728b)
Start importing Assets/Prefabs/Player.prefab using Guid(09c22c6944e214944b60854acf1b2cd8) Importer(815301076,1909f56bfc062723c751e8b465ee728b)  -> (artifact id: '5410f116448e53bb142e814a2ff7f10b') in 6.850069 seconds 
========================================================================
Received Import Request.
  Time since last request: 0.951545 seconds.
  path: Assets/Scenes/Mekanik Test.unity
  artifactKey: Guid(927864c052173344d9153ed86252d1a4) Importer(815301076,1909f56bfc062723c751e8b465ee728b)
Start importing Assets/Scenes/Mekanik Test.unity using Guid(927864c052173344d9153ed86252d1a4) Importer(815301076,1909f56bfc062723c751e8b465ee728b)  -> (artifact id: 'a4e031eb11495706a29f1126aac29bad') in 0.063157 seconds 
========================================================================
Received Import Request.
  Time since last request: 1.396244 seconds.
  path: Assets/Scenes/Level 1 New 1.unity
  artifactKey: Guid(4b330b3a5b9d0504e816f5d5f3611744) Importer(815301076,1909f56bfc062723c751e8b465ee728b)
Start importing Assets/Scenes/Level 1 New 1.unity using Guid(4b330b3a5b9d0504e816f5d5f3611744) Importer(815301076,1909f56bfc062723c751e8b465ee728b)  -> (artifact id: '25f28939b23accae2274c6af4cf8eee8') in 0.015649 seconds 
========================================================================
Received Import Request.
  Time since last request: 4.312345 seconds.
  path: Assets/Scenes/Level 2 New 1.unity
  artifactKey: Guid(4b330b3a5b9d0504e816f5d5f3611744) Importer(815301076,1909f56bfc062723c751e8b465ee728b)
Start importing Assets/Scenes/Level 2 New 1.unity using Guid(4b330b3a5b9d0504e816f5d5f3611744) Importer(815301076,1909f56bfc062723c751e8b465ee728b)  -> (artifact id: 'e6a3a323755ac3800b7a705d031e04c6') in 0.013054 seconds 
========================================================================
Received Import Request.
  Time since last request: 7.218022 seconds.
  path: Assets/Scenes/Level
  artifactKey: Guid(c289638bc2a6d914c880fe86ee45ba36) Importer(815301076,1909f56bfc062723c751e8b465ee728b)
Start importing Assets/Scenes/Level using Guid(c289638bc2a6d914c880fe86ee45ba36) Importer(815301076,1909f56bfc062723c751e8b465ee728b)  -> (artifact id: '3585ee5dbf05d8beb4055ee9de5bf697') in 0.007934 seconds 
========================================================================
Received Import Request.
  Time since last request: 4.317261 seconds.
  path: Assets/Scenes/Level/Level 2 New 2.unity
  artifactKey: Guid(89922040b128dfa42a745ec851dac699) Importer(815301076,1909f56bfc062723c751e8b465ee728b)
Start importing Assets/Scenes/Level/Level 2 New 2.unity using Guid(89922040b128dfa42a745ec851dac699) Importer(815301076,1909f56bfc062723c751e8b465ee728b)  -> (artifact id: 'c562187198536fce7bc1d30edc7c6992') in 0.010132 seconds 
========================================================================
Received Import Request.
  Time since last request: 5.751526 seconds.
  path: Assets/Scenes/Level/Level 3 New.unity
  artifactKey: Guid(89922040b128dfa42a745ec851dac699) Importer(815301076,1909f56bfc062723c751e8b465ee728b)
Start importing Assets/Scenes/Level/Level 3 New.unity using Guid(89922040b128dfa42a745ec851dac699) Importer(815301076,1909f56bfc062723c751e8b465ee728b)  -> (artifact id: '76723c40ec2fac449624a7c84e4d7718') in 0.009229 seconds 
========================================================================
Received Import Request.
  Time since last request: 6.247190 seconds.
  path: Assets/Scenes/Level/Level 2 New.unity
  artifactKey: Guid(4b330b3a5b9d0504e816f5d5f3611744) Importer(815301076,1909f56bfc062723c751e8b465ee728b)
Start importing Assets/Scenes/Level/Level 2 New.unity using Guid(4b330b3a5b9d0504e816f5d5f3611744) Importer(815301076,1909f56bfc062723c751e8b465ee728b)  -> (artifact id: '44a9a6eb19b110a84705ff4d68168e29') in 0.012083 seconds 
========================================================================
Received Import Request.
  Time since last request: 44.802525 seconds.
  path: Assets/Prefabs/Objective.prefab
  artifactKey: Guid(361c0c99a9e327b42bccab81feea1b70) Importer(815301076,1909f56bfc062723c751e8b465ee728b)
Start importing Assets/Prefabs/Objective.prefab using Guid(361c0c99a9e327b42bccab81feea1b70) Importer(815301076,1909f56bfc062723c751e8b465ee728b)  -> (artifact id: '3cc3e006983d7913bc5fb2ce8144cbf7') in 0.115655 seconds 
========================================================================
Received Import Request.
  Time since last request: 133.102551 seconds.
  path: Assets/Prefabs/Closed Sprite Shape (4).prefab
  artifactKey: Guid(0a3ccbfc911596f40bafb19add66d4b8) Importer(815301076,1909f56bfc062723c751e8b465ee728b)
Start importing Assets/Prefabs/Closed Sprite Shape (4).prefab using Guid(0a3ccbfc911596f40bafb19add66d4b8) Importer(815301076,1909f56bfc062723c751e8b465ee728b)  -> (artifact id: '66e77bdd6fa1e8a6357661b0b2b8e445') in 0.029059 seconds 
========================================================================
Received Import Request.
  Time since last request: 38.846395 seconds.
  path: Assets/Scenes/Level/Level 2 New.unity
  artifactKey: Guid(4b330b3a5b9d0504e816f5d5f3611744) Importer(815301076,1909f56bfc062723c751e8b465ee728b)
Start importing Assets/Scenes/Level/Level 2 New.unity using Guid(4b330b3a5b9d0504e816f5d5f3611744) Importer(815301076,1909f56bfc062723c751e8b465ee728b)  -> (artifact id: '7eecd45f529447eed1c6f7bf0bdd0360') in 0.002680 seconds 
========================================================================
Received Prepare
Registering precompiled user dll's ...
Registered in 0.006448 seconds.
Begin MonoManager ReloadAssembly
Symbol file LoadedFromMemory doesn't match image D:\Kuliah\Semester 7\Praktek\Duma\Library\PackageCache\com.unity.visualscripting@1.7.8\Editor\VisualScripting.Core\Dependencies\YamlDotNet\Unity.VisualScripting.YamlDotNet.dll
Symbol file LoadedFromMemory doesn't match image D:\Kuliah\Semester 7\Praktek\Duma\Library\PackageCache\com.unity.visualscripting@1.7.8\Editor\VisualScripting.Core\Dependencies\DotNetZip\Unity.VisualScripting.IonicZip.dll
Native extension for WindowsStandalone target not found
Native extension for Android target not found
Refreshing native plugins compatible for Editor in 1.41 ms, found 4 plugins.
Preloading 0 native plugins for Editor in 0.00 ms.
Mono: successfully reloaded assembly
- Completed reload, in  2.255 seconds
Domain Reload Profiling:
	ReloadAssembly (2256ms)
		BeginReloadAssembly (221ms)
			ExecutionOrderSort (0ms)
			DisableScriptedObjects (8ms)
			BackupInstance (0ms)
			ReleaseScriptingObjects (0ms)
			CreateAndSetChildDomain (72ms)
		EndReloadAssembly (1863ms)
			LoadAssemblies (147ms)
			RebuildTransferFunctionScriptingTraits (0ms)
			SetupTypeCache (431ms)
			ReleaseScriptCaches (4ms)
			RebuildScriptCaches (121ms)
			SetupLoadedEditorAssemblies (1061ms)
				LogAssemblyErrors (0ms)
				InitializePlatformSupportModulesInManaged (37ms)
				SetLoadedEditorAssemblies (1ms)
				RefreshPlugins (2ms)
				BeforeProcessingInitializeOnLoad (132ms)
				ProcessInitializeOnLoadAttributes (792ms)
				ProcessInitializeOnLoadMethodAttributes (77ms)
				AfterProcessingInitializeOnLoad (18ms)
				EditorAssembliesLoaded (1ms)
			ExecutionOrderSort2 (0ms)
			AwakeInstancesAfterBackupRestoration (19ms)
Platform modules already initialized, skipping
Refreshing native plugins compatible for Editor in 4.08 ms, found 4 plugins.
Preloading 0 native plugins for Editor in 0.00 ms.
Unloading 4229 Unused Serialized files (Serialized files now loaded: 0)
Unloading 31 unused Assets / (241.5 KB). Loaded Objects now: 4725.
Memory consumption went from 163.6 MB to 163.3 MB.
Total: 7.021400 ms (FindLiveObjects: 0.411300 ms CreateObjectMapping: 0.357000 ms MarkObjects: 6.022100 ms  DeleteObjects: 0.227900 ms)

AssetImportParameters requested are different than current active one (requested -> active):
  custom:video-decoder-ogg-theora: a1e56fd34408186e4bbccfd4996cb3dc -> 
  custom:container-muxer-webm: aa71ff27fc2769a1b78a27578f13a17b -> 
  custom:container-demuxer-webm: 4f35f7cbe854078d1ac9338744f61a02 -> 
  custom:video-encoder-webm-vp8: eb34c28f22e8b96e1ab97ce403110664 -> 
  custom:audio-encoder-webm-vorbis: bf7c407c2cedff20999df2af8eb42d56 -> 
  custom:framework-win-MediaFoundation: 216162199b28c13a410421893ffa2e32 -> 
  custom:container-demuxer-ogg: 62fdf1f143b41e24485cea50d1cbac27 -> 
  custom:video-decoder-webm-vp8: 9c59270c3fd7afecdb556c50c9e8de78 -> 
  custom:audio-decoder-ogg-vorbis: bf7c407c2cedff20999df2af8eb42d56 -> 
========================================================================
Received Import Request.
  Time since last request: 275.045528 seconds.
  path: Assets/External Asset/BayatGames/Free Platform Game Assets/Chests/New Chests ( Update 1.8.5 )/png/Sliced/Model-2/1x/Model2-headInnerPiece-1-ForHead-5-1x.png
  artifactKey: Guid(e5acee6879b559f4cbf0883d43b71e14) Importer(815301076,1909f56bfc062723c751e8b465ee728b)
Start importing Assets/External Asset/BayatGames/Free Platform Game Assets/Chests/New Chests ( Update 1.8.5 )/png/Sliced/Model-2/1x/Model2-headInnerPiece-1-ForHead-5-1x.png using Guid(e5acee6879b559f4cbf0883d43b71e14) Importer(815301076,1909f56bfc062723c751e8b465ee728b)  -> (artifact id: 'aa7f131d6742a0a6594d26fbb9e31553') in 0.484838 seconds 
========================================================================
Received Import Request.
  Time since last request: 0.000050 seconds.
  path: Assets/External Asset/BayatGames/Free Platform Game Assets/Backgrounds/New Background ( Update 1.9 )/png/1920x1080/background/NewBackgraound 1920x1080 (2).png
  artifactKey: Guid(b165ec2539a23044ca486a2248259c5e) Importer(815301076,1909f56bfc062723c751e8b465ee728b)
Start importing Assets/External Asset/BayatGames/Free Platform Game Assets/Backgrounds/New Background ( Update 1.9 )/png/1920x1080/background/NewBackgraound 1920x1080 (2).png using Guid(b165ec2539a23044ca486a2248259c5e) Importer(815301076,1909f56bfc062723c751e8b465ee728b)  -> (artifact id: '8a5dc8d0331d41651f26e63e77941b0e') in 0.316031 seconds 
========================================================================
Received Import Request.
  Time since last request: 0.000040 seconds.
  path: Assets/External Asset/BayatGames/Free Platform Game Assets/Backgrounds/New Background ( Update 1.9 )/png/2048x1024/backgraound/NewBackgraound 2048x1024.png
  artifactKey: Guid(05c7388edd668bf4e99a771d2331e75c) Importer(815301076,1909f56bfc062723c751e8b465ee728b)
Start importing Assets/External Asset/BayatGames/Free Platform Game Assets/Backgrounds/New Background ( Update 1.9 )/png/2048x1024/backgraound/NewBackgraound 2048x1024.png using Guid(05c7388edd668bf4e99a771d2331e75c) Importer(815301076,1909f56bfc062723c751e8b465ee728b)  -> (artifact id: '6b95566c0931a8c3dab19d7293c43e1d') in 0.265420 seconds 
========================================================================
Received Import Request.
  Time since last request: 0.000072 seconds.
  path: Assets/External Asset/BayatGames/Free Platform Game Assets/Backgrounds/Background/png/1920x1080/All/Mountain_1.png
  artifactKey: Guid(76236e836f3521d4488eb04dfbbd19de) Importer(815301076,1909f56bfc062723c751e8b465ee728b)
Start importing Assets/External Asset/BayatGames/Free Platform Game Assets/Backgrounds/Background/png/1920x1080/All/Mountain_1.png using Guid(76236e836f3521d4488eb04dfbbd19de) Importer(815301076,1909f56bfc062723c751e8b465ee728b)  -> (artifact id: 'daafaa3608a4131ddb3e84d38e15f951') in 0.153502 seconds 
========================================================================
Received Import Request.
  Time since last request: 0.000038 seconds.
  path: Assets/External Asset/BayatGames/Free Platform Game Assets/Chests/New Chests ( Update 1.8.5 )/png/Sliced/Model-2/2x/Model2-headInnerPiece-5-ForHead-9-2x.png
  artifactKey: Guid(34d7b58ce724b4e4ab0bb1b8ca5c0a42) Importer(815301076,1909f56bfc062723c751e8b465ee728b)
Start importing Assets/External Asset/BayatGames/Free Platform Game Assets/Chests/New Chests ( Update 1.8.5 )/png/Sliced/Model-2/2x/Model2-headInnerPiece-5-ForHead-9-2x.png using Guid(34d7b58ce724b4e4ab0bb1b8ca5c0a42) Importer(815301076,1909f56bfc062723c751e8b465ee728b)  -> (artifact id: 'c7fe2f53138143fdcac3f9178e464525') in 0.101473 seconds 
========================================================================
Received Import Request.
  Time since last request: 0.000020 seconds.
  path: Assets/External Asset/BayatGames/Free Platform Game Assets/Chests/New Chests ( Update 1.8.5 )/png/Sliced/Model-2/2x/Model2-headInnerPiece-3-ForHead-7-2x.png
  artifactKey: Guid(fbf433c75c25b0c43846bddc71ada134) Importer(815301076,1909f56bfc062723c751e8b465ee728b)
Start importing Assets/External Asset/BayatGames/Free Platform Game Assets/Chests/New Chests ( Update 1.8.5 )/png/Sliced/Model-2/2x/Model2-headInnerPiece-3-ForHead-7-2x.png using Guid(fbf433c75c25b0c43846bddc71ada134) Importer(815301076,1909f56bfc062723c751e8b465ee728b)  -> (artifact id: 'e75dc7fbe02b0deaa2b4a62955b13e89') in 0.073696 seconds 
========================================================================
Received Import Request.
  Time since last request: 0.000037 seconds.
  path: Assets/External Asset/BayatGames/Free Platform Game Assets/Backgrounds/New Background ( Update 1.7 )/png/1920x1080/All/Mountain.png
  artifactKey: Guid(2518a816821e5d74eb3022bdcab6270d) Importer(815301076,1909f56bfc062723c751e8b465ee728b)
Start importing Assets/External Asset/BayatGames/Free Platform Game Assets/Backgrounds/New Background ( Update 1.7 )/png/1920x1080/All/Mountain.png using Guid(2518a816821e5d74eb3022bdcab6270d) Importer(815301076,1909f56bfc062723c751e8b465ee728b)  -> (artifact id: '84a58b339c7035869223ceb21af8becc') in 0.099957 seconds 
========================================================================
Received Import Request.
  Time since last request: 0.000037 seconds.
  path: Assets/External Asset/BayatGames/Free Platform Game Assets/Backgrounds/Background/png/1920x1080/All/Mountain_4.png
  artifactKey: Guid(2f90d947c4b71504e96a89f91a4a724f) Importer(815301076,1909f56bfc062723c751e8b465ee728b)
Start importing Assets/External Asset/BayatGames/Free Platform Game Assets/Backgrounds/Background/png/1920x1080/All/Mountain_4.png using Guid(2f90d947c4b71504e96a89f91a4a724f) Importer(815301076,1909f56bfc062723c751e8b465ee728b)  -> (artifact id: '9c31fb5c7e15e41afc7e7987247bbe28') in 0.174483 seconds 
========================================================================
Received Import Request.
  Time since last request: 0.000022 seconds.
  path: Assets/External Asset/BayatGames/Free Platform Game Assets/Backgrounds/Background/png/2048x1536/All/Mountain_2.png
  artifactKey: Guid(a9e3e3e5ad0c1644b8679e4cfb969bfc) Importer(815301076,1909f56bfc062723c751e8b465ee728b)
Start importing Assets/External Asset/BayatGames/Free Platform Game Assets/Backgrounds/Background/png/2048x1536/All/Mountain_2.png using Guid(a9e3e3e5ad0c1644b8679e4cfb969bfc) Importer(815301076,1909f56bfc062723c751e8b465ee728b)  -> (artifact id: 'c79e94adf7f6095da15d614c649fc632') in 0.212857 seconds 
========================================================================
Received Import Request.
  Time since last request: 0.000074 seconds.
  path: Assets/External Asset/BayatGames/Free Platform Game Assets/Backgrounds/Background/png/2048x1536/All/Mountain_4.png
  artifactKey: Guid(86a6fc94b9794ce45a7171d2e8b05570) Importer(815301076,1909f56bfc062723c751e8b465ee728b)
Start importing Assets/External Asset/BayatGames/Free Platform Game Assets/Backgrounds/Background/png/2048x1536/All/Mountain_4.png using Guid(86a6fc94b9794ce45a7171d2e8b05570) Importer(815301076,1909f56bfc062723c751e8b465ee728b)  -> (artifact id: 'c4ea0824eb5b9bceab92812dcefd47c8') in 0.270062 seconds 
========================================================================
Received Import Request.
  Time since last request: 0.000051 seconds.
  path: Assets/External Asset/BayatGames/Free Platform Game Assets/Backgrounds/New Background ( Update 1.7 )/png/1920x1080/Background/NewBackground1920x1080.png
  artifactKey: Guid(bdfa926720788184eb23c0a9a71ec9ac) Importer(815301076,1909f56bfc062723c751e8b465ee728b)
Start importing Assets/External Asset/BayatGames/Free Platform Game Assets/Backgrounds/New Background ( Update 1.7 )/png/1920x1080/Background/NewBackground1920x1080.png using Guid(bdfa926720788184eb23c0a9a71ec9ac) Importer(815301076,1909f56bfc062723c751e8b465ee728b)  -> (artifact id: '102c65a04eb00a8da522d52dfc3109a8') in 0.250380 seconds 
========================================================================
Received Import Request.
  Time since last request: 0.000043 seconds.
  path: Assets/External Asset/BayatGames/Free Platform Game Assets/Chests/New Chests ( Update 1.8.5 )/png/Sliced/Model-2/1x/Model2-headInnerPiece-2-ForHead-6-1x.png
  artifactKey: Guid(5c8a500351376ea408c97c897a6fcd92) Importer(815301076,1909f56bfc062723c751e8b465ee728b)
Start importing Assets/External Asset/BayatGames/Free Platform Game Assets/Chests/New Chests ( Update 1.8.5 )/png/Sliced/Model-2/1x/Model2-headInnerPiece-2-ForHead-6-1x.png using Guid(5c8a500351376ea408c97c897a6fcd92) Importer(815301076,1909f56bfc062723c751e8b465ee728b)  -> (artifact id: 'ef6977b744bec38da47b7219c98bf165') in 0.109981 seconds 
========================================================================
Received Import Request.
  Time since last request: 0.000041 seconds.
  path: Assets/External Asset/BayatGames/Free Platform Game Assets/Backgrounds/Background/png/2048x1536/All/Mountain_1.png
  artifactKey: Guid(50fa225e0edcf4047abb3588a8e87d2a) Importer(815301076,1909f56bfc062723c751e8b465ee728b)
Start importing Assets/External Asset/BayatGames/Free Platform Game Assets/Backgrounds/Background/png/2048x1536/All/Mountain_1.png using Guid(50fa225e0edcf4047abb3588a8e87d2a) Importer(815301076,1909f56bfc062723c751e8b465ee728b)  -> (artifact id: 'a35848bc59e2bb4f80cd1a606f49b8de') in 0.268637 seconds 
========================================================================
Received Import Request.
  Time since last request: 0.000039 seconds.
  path: Assets/External Asset/BayatGames/Free Platform Game Assets/Backgrounds/New Background ( Update 1.7 )/png/2048x1536/All/Mountain.png
  artifactKey: Guid(d8d8eaa53248ca34bba279b2ebb88d0a) Importer(815301076,1909f56bfc062723c751e8b465ee728b)
Start importing Assets/External Asset/BayatGames/Free Platform Game Assets/Backgrounds/New Background ( Update 1.7 )/png/2048x1536/All/Mountain.png using Guid(d8d8eaa53248ca34bba279b2ebb88d0a) Importer(815301076,1909f56bfc062723c751e8b465ee728b)  -> (artifact id: '277324de4b1bfab7083e9fde329dd6db') in 0.113627 seconds 
========================================================================
Received Import Request.
  Time since last request: 0.000076 seconds.
  path: Assets/External Asset/BayatGames/Free Platform Game Assets/Chests/New Chests ( Update 1.8.5 )/png/Sliced/Model-2/1x/Model2-headInnerPiece-3-ForHead-7-1x.png
  artifactKey: Guid(29fbee2713d973d49b715bd724484845) Importer(815301076,1909f56bfc062723c751e8b465ee728b)
Start importing Assets/External Asset/BayatGames/Free Platform Game Assets/Chests/New Chests ( Update 1.8.5 )/png/Sliced/Model-2/1x/Model2-headInnerPiece-3-ForHead-7-1x.png using Guid(29fbee2713d973d49b715bd724484845) Importer(815301076,1909f56bfc062723c751e8b465ee728b)  -> (artifact id: '8560d911779db17944da753ed873907f') in 0.104805 seconds 
========================================================================
Received Import Request.
  Time since last request: 0.000033 seconds.
  path: Assets/External Asset/BayatGames/Free Platform Game Assets/Backgrounds/Background/png/2048x1536/All/Mountain_3.png
  artifactKey: Guid(2f3d48af88127f244a5393fcf8eabc64) Importer(815301076,1909f56bfc062723c751e8b465ee728b)
Start importing Assets/External Asset/BayatGames/Free Platform Game Assets/Backgrounds/Background/png/2048x1536/All/Mountain_3.png using Guid(2f3d48af88127f244a5393fcf8eabc64) Importer(815301076,1909f56bfc062723c751e8b465ee728b)  -> (artifact id: 'b18368c661cea8ddb3488e155f1cc919') in 0.172993 seconds 
========================================================================
Received Import Request.
  Time since last request: 296.881954 seconds.
  path: Assets/Prefabs/Closed Sprite Shape (4).prefab
  artifactKey: Guid(0a3ccbfc911596f40bafb19add66d4b8) Importer(815301076,1909f56bfc062723c751e8b465ee728b)
Start importing Assets/Prefabs/Closed Sprite Shape (4).prefab using Guid(0a3ccbfc911596f40bafb19add66d4b8) Importer(815301076,1909f56bfc062723c751e8b465ee728b)  -> (artifact id: '754c41b6f54dc77dfb680caa303081f7') in 0.049079 seconds 
========================================================================
Received Import Request.
  Time since last request: 129.399108 seconds.
  path: Assets/Scenes/Level/New Folder
  artifactKey: Guid(0660f7ed8a9a0ee40867b0ff1eac9b94) Importer(815301076,1909f56bfc062723c751e8b465ee728b)
Start importing Assets/Scenes/Level/New Folder using Guid(0660f7ed8a9a0ee40867b0ff1eac9b94) Importer(815301076,1909f56bfc062723c751e8b465ee728b)  -> (artifact id: '15e97ece0f6b39e36f0600a22c3bccde') in 0.010613 seconds 
========================================================================
Received Import Request.
  Time since last request: 31.165788 seconds.
  path: Assets/Visual/1061ab87369053636cc5d43b7763210a.jpg
  artifactKey: Guid(57cd3afc755dd2a44a44f79069510898) Importer(815301076,1909f56bfc062723c751e8b465ee728b)
Start importing Assets/Visual/1061ab87369053636cc5d43b7763210a.jpg using Guid(57cd3afc755dd2a44a44f79069510898) Importer(815301076,1909f56bfc062723c751e8b465ee728b)  -> (artifact id: 'c020daf01bf08fcd3fcc34c63d1c9295') in 0.066342 seconds 
